[21:07:24] [Server thread/INFO]: Starting minecraft server version 1.8
[21:07:24] [Server thread/INFO]: Loading properties
[21:07:24] [Server thread/INFO]: Default game type: SURVIVAL
[21:07:24] [Server thread/INFO]: Generating keypair
[21:07:26] [Server thread/INFO]: Starting Minecraft server on *:25565
[21:07:34] [Server thread/INFO]: This server is running CraftBukkit version git-Bukkit-bc03b6f (MC: 1.8) (Implementing API version 1.8-R0.1-SNAPSHOT)
[21:07:35] [Server thread/WARN]: Failed to load user banlist: 
java.io.FileNotFoundException: banned-players.json (The system cannot find the file specified)
	at java.io.FileInputStream.open(Native Method) ~[?:1.7.0]
	at java.io.FileInputStream.<init>(Unknown Source) ~[?:1.7.0]
	at com.google.common.io.Files.newReader(Files.java:86) ~[craftbukkit.jar:git-Bukkit-bc03b6f]
	at net.minecraft.server.v1_8_R1.JsonList.load(JsonList.java:150) ~[craftbukkit.jar:git-Bukkit-bc03b6f]
	at net.minecraft.server.v1_8_R1.DedicatedPlayerList.z(SourceFile:99) [craftbukkit.jar:git-Bukkit-bc03b6f]
	at net.minecraft.server.v1_8_R1.DedicatedPlayerList.<init>(SourceFile:25) [craftbukkit.jar:git-Bukkit-bc03b6f]
	at net.minecraft.server.v1_8_R1.DedicatedServer.init(DedicatedServer.java:133) [craftbukkit.jar:git-Bukkit-bc03b6f]
	at net.minecraft.server.v1_8_R1.MinecraftServer.run(MinecraftServer.java:473) [craftbukkit.jar:git-Bukkit-bc03b6f]
	at java.lang.Thread.run(Unknown Source) [?:1.7.0]
[21:07:35] [Server thread/WARN]: Failed to load ip banlist: 
java.io.FileNotFoundException: banned-ips.json (The system cannot find the file specified)
	at java.io.FileInputStream.open(Native Method) ~[?:1.7.0]
	at java.io.FileInputStream.<init>(Unknown Source) ~[?:1.7.0]
	at com.google.common.io.Files.newReader(Files.java:86) ~[craftbukkit.jar:git-Bukkit-bc03b6f]
	at net.minecraft.server.v1_8_R1.JsonList.load(JsonList.java:150) ~[craftbukkit.jar:git-Bukkit-bc03b6f]
	at net.minecraft.server.v1_8_R1.DedicatedPlayerList.y(SourceFile:91) [craftbukkit.jar:git-Bukkit-bc03b6f]
	at net.minecraft.server.v1_8_R1.DedicatedPlayerList.<init>(SourceFile:27) [craftbukkit.jar:git-Bukkit-bc03b6f]
	at net.minecraft.server.v1_8_R1.DedicatedServer.init(DedicatedServer.java:133) [craftbukkit.jar:git-Bukkit-bc03b6f]
	at net.minecraft.server.v1_8_R1.MinecraftServer.run(MinecraftServer.java:473) [craftbukkit.jar:git-Bukkit-bc03b6f]
	at java.lang.Thread.run(Unknown Source) [?:1.7.0]
[21:07:35] [Server thread/WARN]: Failed to load operators list: 
java.io.FileNotFoundException: ops.json (The system cannot find the file specified)
	at java.io.FileInputStream.open(Native Method) ~[?:1.7.0]
	at java.io.FileInputStream.<init>(Unknown Source) ~[?:1.7.0]
	at com.google.common.io.Files.newReader(Files.java:86) ~[craftbukkit.jar:git-Bukkit-bc03b6f]
	at net.minecraft.server.v1_8_R1.JsonList.load(JsonList.java:150) ~[craftbukkit.jar:git-Bukkit-bc03b6f]
	at net.minecraft.server.v1_8_R1.DedicatedPlayerList.A(SourceFile:107) [craftbukkit.jar:git-Bukkit-bc03b6f]
	at net.minecraft.server.v1_8_R1.DedicatedPlayerList.<init>(SourceFile:29) [craftbukkit.jar:git-Bukkit-bc03b6f]
	at net.minecraft.server.v1_8_R1.DedicatedServer.init(DedicatedServer.java:133) [craftbukkit.jar:git-Bukkit-bc03b6f]
	at net.minecraft.server.v1_8_R1.MinecraftServer.run(MinecraftServer.java:473) [craftbukkit.jar:git-Bukkit-bc03b6f]
	at java.lang.Thread.run(Unknown Source) [?:1.7.0]
[21:07:35] [Server thread/WARN]: Failed to load white-list: 
java.io.FileNotFoundException: whitelist.json (The system cannot find the file specified)
	at java.io.FileInputStream.open(Native Method) ~[?:1.7.0]
	at java.io.FileInputStream.<init>(Unknown Source) ~[?:1.7.0]
	at com.google.common.io.Files.newReader(Files.java:86) ~[craftbukkit.jar:git-Bukkit-bc03b6f]
	at net.minecraft.server.v1_8_R1.JsonList.load(JsonList.java:150) ~[craftbukkit.jar:git-Bukkit-bc03b6f]
	at net.minecraft.server.v1_8_R1.DedicatedPlayerList.C(SourceFile:123) [craftbukkit.jar:git-Bukkit-bc03b6f]
	at net.minecraft.server.v1_8_R1.DedicatedPlayerList.<init>(SourceFile:30) [craftbukkit.jar:git-Bukkit-bc03b6f]
	at net.minecraft.server.v1_8_R1.DedicatedServer.init(DedicatedServer.java:133) [craftbukkit.jar:git-Bukkit-bc03b6f]
	at net.minecraft.server.v1_8_R1.MinecraftServer.run(MinecraftServer.java:473) [craftbukkit.jar:git-Bukkit-bc03b6f]
	at java.lang.Thread.run(Unknown Source) [?:1.7.0]
[21:07:35] [Server thread/WARN]: **** SERVER IS RUNNING IN OFFLINE/INSECURE MODE!
[21:07:35] [Server thread/WARN]: The server will make no attempt to authenticate usernames. Beware.
[21:07:35] [Server thread/WARN]: While this makes the game possible to play without internet access, it also opens up the ability for hackers to connect with any username they choose.
[21:07:35] [Server thread/WARN]: To change this, set "online-mode" to "true" in the server.properties file.
[21:07:35] [Server thread/INFO]: Preparing level "world"
[21:07:42] [Server thread/INFO]: Preparing start region for level 0 (Seed: 7279931851898697149)
[21:07:43] [Server thread/INFO]: Preparing spawn area: 0%
[21:07:45] [Server thread/INFO]: Preparing spawn area: 1%
[21:07:47] [Server thread/INFO]: Preparing spawn area: 2%
[21:07:48] [Server thread/INFO]: Preparing spawn area: 3%
[21:07:50] [Server thread/INFO]: Preparing spawn area: 4%
[21:07:53] [Server thread/INFO]: Preparing spawn area: 4%
[21:07:54] [Server thread/INFO]: Preparing spawn area: 4%
[21:07:55] [Server thread/INFO]: Preparing spawn area: 5%
[21:07:56] [Server thread/INFO]: Preparing spawn area: 5%
[21:07:57] [Server thread/INFO]: Preparing spawn area: 6%
[21:07:58] [Server thread/INFO]: Preparing spawn area: 6%
[21:07:59] [Server thread/INFO]: Preparing spawn area: 7%
[21:08:01] [Server thread/INFO]: Preparing spawn area: 7%
[21:08:02] [Server thread/INFO]: Preparing spawn area: 8%
[21:08:03] [Server thread/INFO]: Preparing spawn area: 9%
[21:08:04] [Server thread/INFO]: Preparing spawn area: 9%
[21:08:05] [Server thread/INFO]: Preparing spawn area: 9%
[21:08:07] [Server thread/INFO]: Preparing spawn area: 10%
[21:08:08] [Server thread/INFO]: Preparing spawn area: 10%
[21:08:09] [Server thread/INFO]: Preparing spawn area: 11%
[21:08:11] [Server thread/INFO]: Preparing spawn area: 12%
[21:08:12] [Server thread/INFO]: Preparing spawn area: 13%
[21:08:13] [Server thread/INFO]: Preparing spawn area: 13%
[21:08:14] [Server thread/INFO]: Preparing spawn area: 14%
[21:08:15] [Server thread/INFO]: Preparing spawn area: 15%
[21:08:17] [Server thread/INFO]: Preparing spawn area: 16%
[21:08:18] [Server thread/INFO]: Preparing spawn area: 17%
[21:08:19] [Server thread/INFO]: Preparing spawn area: 17%
[21:08:20] [Server thread/INFO]: Preparing spawn area: 19%
[21:08:22] [Server thread/INFO]: Preparing spawn area: 20%
[21:08:23] [Server thread/INFO]: Preparing spawn area: 21%
[21:08:24] [Server thread/INFO]: Preparing spawn area: 22%
[21:08:25] [Server thread/INFO]: Preparing spawn area: 23%
[21:08:26] [Server thread/INFO]: Preparing spawn area: 24%
[21:08:27] [Server thread/INFO]: Preparing spawn area: 25%
[21:08:28] [Server thread/INFO]: Preparing spawn area: 27%
[21:08:29] [Server thread/INFO]: Preparing spawn area: 29%
[21:08:30] [Server thread/INFO]: Preparing spawn area: 31%
[21:08:31] [Server thread/INFO]: Preparing spawn area: 32%
[21:08:32] [Server thread/INFO]: Preparing spawn area: 33%
[21:08:33] [Server thread/INFO]: Preparing spawn area: 36%
[21:08:34] [Server thread/INFO]: Preparing spawn area: 37%
[21:08:35] [Server thread/INFO]: Preparing spawn area: 40%
[21:08:37] [Server thread/INFO]: Preparing spawn area: 41%
[21:08:38] [Server thread/INFO]: Preparing spawn area: 42%
[21:08:39] [Server thread/INFO]: Preparing spawn area: 45%
[21:08:40] [Server thread/INFO]: Preparing spawn area: 47%
[21:08:41] [Server thread/INFO]: Preparing spawn area: 49%
[21:08:42] [Server thread/INFO]: Preparing spawn area: 51%
[21:08:43] [Server thread/INFO]: Preparing spawn area: 52%
[21:08:44] [Server thread/INFO]: Preparing spawn area: 54%
[21:08:45] [Server thread/INFO]: Preparing spawn area: 56%
[21:08:46] [Server thread/INFO]: Preparing spawn area: 58%
[21:08:47] [Server thread/INFO]: Preparing spawn area: 60%
[21:08:48] [Server thread/INFO]: Preparing spawn area: 61%
[21:08:49] [Server thread/INFO]: Preparing spawn area: 63%
[21:08:51] [Server thread/INFO]: Preparing spawn area: 64%
[21:08:52] [Server thread/INFO]: Preparing spawn area: 65%
[21:08:53] [Server thread/INFO]: Preparing spawn area: 67%
[21:08:54] [Server thread/INFO]: Preparing spawn area: 69%
[21:08:55] [Server thread/INFO]: Preparing spawn area: 70%
[21:08:56] [Server thread/INFO]: Preparing spawn area: 72%
[21:08:57] [Server thread/INFO]: Preparing spawn area: 73%
[21:08:58] [Server thread/INFO]: Preparing spawn area: 76%
[21:08:59] [Server thread/INFO]: Preparing spawn area: 78%
[21:09:00] [Server thread/INFO]: Preparing spawn area: 80%
[21:09:02] [Server thread/INFO]: Preparing spawn area: 81%
[21:09:03] [Server thread/INFO]: Preparing spawn area: 82%
[21:09:04] [Server thread/INFO]: Preparing spawn area: 85%
[21:09:05] [Server thread/INFO]: Preparing spawn area: 87%
[21:09:06] [Server thread/INFO]: Preparing spawn area: 89%
[21:09:07] [Server thread/INFO]: Preparing spawn area: 90%
[21:09:08] [Server thread/INFO]: Preparing spawn area: 92%
[21:09:09] [Server thread/INFO]: Preparing spawn area: 93%
[21:09:11] [Server thread/INFO]: Preparing spawn area: 95%
[21:09:12] [Server thread/INFO]: Preparing spawn area: 97%
[21:09:12] [Server thread/INFO]: Preparing start region for level 1 (Seed: 7279931851898697149)
[21:09:13] [Server thread/INFO]: Preparing spawn area: 0%
[21:09:15] [Server thread/INFO]: Preparing spawn area: 3%
[21:09:16] [Server thread/INFO]: Preparing spawn area: 7%
[21:09:17] [Server thread/INFO]: Preparing spawn area: 12%
[21:09:18] [Server thread/INFO]: Preparing spawn area: 15%
[21:09:19] [Server thread/INFO]: Preparing spawn area: 19%
[21:09:20] [Server thread/INFO]: Preparing spawn area: 24%
[21:09:21] [Server thread/INFO]: Preparing spawn area: 29%
[21:09:22] [Server thread/INFO]: Preparing spawn area: 32%
[21:09:23] [Server thread/INFO]: Preparing spawn area: 36%
[21:09:25] [Server thread/INFO]: Preparing spawn area: 40%
[21:09:26] [Server thread/INFO]: Preparing spawn area: 45%
[21:09:27] [Server thread/INFO]: Preparing spawn area: 48%
[21:09:28] [Server thread/INFO]: Preparing spawn area: 50%
[21:09:29] [Server thread/INFO]: Preparing spawn area: 54%
[21:09:30] [Server thread/INFO]: Preparing spawn area: 56%
[21:09:31] [Server thread/INFO]: Preparing spawn area: 60%
[21:09:32] [Server thread/INFO]: Preparing spawn area: 63%
[21:09:33] [Server thread/INFO]: Preparing spawn area: 68%
[21:09:34] [Server thread/INFO]: Preparing spawn area: 69%
[21:09:36] [Server thread/INFO]: Preparing spawn area: 74%
[21:09:37] [Server thread/INFO]: Preparing spawn area: 80%
[21:09:38] [Server thread/INFO]: Preparing spawn area: 86%
[21:09:39] [Server thread/INFO]: Preparing spawn area: 89%
[21:09:40] [Server thread/INFO]: Preparing spawn area: 93%
[21:09:41] [Server thread/INFO]: Preparing start region for level 2 (Seed: 7279931851898697149)
[21:09:42] [Server thread/INFO]: Preparing spawn area: 2%
[21:09:43] [Server thread/INFO]: Preparing spawn area: 13%
[21:09:44] [Server thread/INFO]: Preparing spawn area: 23%
[21:09:45] [Server thread/INFO]: Preparing spawn area: 32%
[21:09:46] [Server thread/INFO]: Preparing spawn area: 44%
[21:09:47] [Server thread/INFO]: Preparing spawn area: 50%
[21:09:48] [Server thread/INFO]: Preparing spawn area: 60%
[21:09:49] [Server thread/INFO]: Preparing spawn area: 67%
[21:09:50] [Server thread/INFO]: Preparing spawn area: 74%
[21:09:51] [Server thread/INFO]: Preparing spawn area: 81%
[21:09:52] [Server thread/INFO]: Preparing spawn area: 88%
[21:09:53] [Server thread/INFO]: Preparing spawn area: 94%
[21:09:55] [Server thread/INFO]: Done (139.803s)! For help, type "help" or "?"
[21:10:03] [Server thread/WARN]: Can't keep up! Did the system time change, or is the server overloaded? Running 7395ms behind, skipping 147 tick(s)
[21:10:17] [Server thread/WARN]: Can't keep up! Did the system time change, or is the server overloaded? Running 4073ms behind, skipping 81 tick(s)
[21:15:18] [Server thread/WARN]: Can't keep up! Did the system time change, or is the server overloaded? Running 15548ms behind, skipping 310 tick(s)
